 2023-06-10 16:09:16,442 : 14 : 20 : test_PageTitle_001 : test_PageTitle_001 is Started :
 2023-06-10 16:09:16,443 : 16 : 20 : test_PageTitle_001 : Launching Browser..!! :
 2023-06-10 16:09:19,999 : 19 : 20 : test_PageTitle_001 : Go to -->https://admin-demo.nopcommerce.com/ :
 2023-06-10 16:09:20,003 : 22 : 20 : test_PageTitle_001 : test_PageTitle_001 is Passed :
 2023-06-10 16:09:20,122 : 30 : 20 : test_PageTitle_001 : test_PageTitle_001 is Completed :
 2023-06-10 16:09:21,829 : 34 : 20 : test_Login_002 : test_Login_002 is Started :
 2023-06-10 16:09:21,829 : 36 : 20 : test_Login_002 : Launching Browser--!! :
 2023-06-10 16:10:22,051 : 14 : 20 : test_PageTitle_001 : test_PageTitle_001 is Started :
 2023-06-10 16:10:22,051 : 16 : 20 : test_PageTitle_001 : Launching Browser..!! :
 2023-06-10 16:10:27,867 : 19 : 20 : test_PageTitle_001 : Go to -->https://admin-demo.nopcommerce.com/ :
 2023-06-10 16:10:27,871 : 22 : 20 : test_PageTitle_001 : test_PageTitle_001 is Passed :
 2023-06-10 16:10:27,999 : 30 : 20 : test_PageTitle_001 : test_PageTitle_001 is Completed :
 2023-06-10 16:10:29,606 : 34 : 20 : test_Login_002 : test_Login_002 is Started :
 2023-06-10 16:10:29,606 : 36 : 20 : test_Login_002 : Launching Browser--!! :
 2023-06-10 16:10:32,486 : 38 : 20 : test_Login_002 : Go to -->https://admin-demo.nopcommerce.com/ :
 2023-06-10 16:10:32,595 : 42 : 20 : test_Login_002 : Entering Username-->admin@yourstore.com :
 2023-06-10 16:10:32,678 : 44 : 20 : test_Login_002 : Entering Password-->admin :
 2023-06-10 16:10:36,258 : 46 : 20 : test_Login_002 : Clicked on Login Button :
 2023-06-10 16:10:36,274 : 48 : 20 : test_Login_002 : test_Login_002 is Passed :
 2023-06-10 16:10:38,689 : 52 : 20 : test_Login_002 : Clicked on Logout Button :
 2023-06-10 16:10:43,691 : 60 : 20 : test_Login_002 : test_Login_002 is Completed :
 2023-06-10 16:12:32,743 : 34 : 20 : test_Login_002 : test_Login_002 is Started :
 2023-06-10 16:12:32,743 : 36 : 20 : test_Login_002 : Launching Browser--!! :
 2023-06-10 16:12:32,758 : 14 : 20 : test_PageTitle_001 : test_PageTitle_001 is Started :
 2023-06-10 16:12:32,758 : 16 : 20 : test_PageTitle_001 : Launching Browser..!! :
 2023-06-10 16:12:34,288 : 19 : 20 : test_PageTitle_001 : Go to -->https://admin-demo.nopcommerce.com/ :
 2023-06-10 16:12:34,293 : 22 : 20 : test_PageTitle_001 : test_PageTitle_001 is Passed :
 2023-06-10 16:12:34,500 : 30 : 20 : test_PageTitle_001 : test_PageTitle_001 is Completed :
 2023-06-10 16:12:35,129 : 38 : 20 : test_Login_002 : Go to -->https://admin-demo.nopcommerce.com/ :
 2023-06-10 16:12:35,236 : 42 : 20 : test_Login_002 : Entering Username-->admin@yourstore.com :
 2023-06-10 16:12:35,316 : 44 : 20 : test_Login_002 : Entering Password-->admin :
 2023-06-10 16:12:42,990 : 46 : 20 : test_Login_002 : Clicked on Login Button :
 2023-06-10 16:12:43,009 : 48 : 20 : test_Login_002 : test_Login_002 is Passed :
 2023-06-10 16:12:44,782 : 52 : 20 : test_Login_002 : Clicked on Logout Button :
 2023-06-10 16:12:49,783 : 60 : 20 : test_Login_002 : test_Login_002 is Completed :
 2023-06-10 16:13:38,386 : 14 : 20 : test_PageTitle_001 : test_PageTitle_001 is Started :
 2023-06-10 16:13:38,386 : 16 : 20 : test_PageTitle_001 : Launching Browser..!! :
 2023-06-10 16:13:38,417 : 34 : 20 : test_Login_002 : test_Login_002 is Started :
 2023-06-10 16:13:38,417 : 36 : 20 : test_Login_002 : Launching Browser--!! :
 2023-06-10 16:13:40,851 : 38 : 20 : test_Login_002 : Go to -->https://admin-demo.nopcommerce.com/ :
 2023-06-10 16:13:40,930 : 19 : 20 : test_PageTitle_001 : Go to -->https://admin-demo.nopcommerce.com/ :
 2023-06-10 16:13:40,935 : 22 : 20 : test_PageTitle_001 : test_PageTitle_001 is Passed :
 2023-06-10 16:13:40,963 : 42 : 20 : test_Login_002 : Entering Username-->admin@yourstore.com :
 2023-06-10 16:13:41,037 : 44 : 20 : test_Login_002 : Entering Password-->admin :
 2023-06-10 16:13:41,154 : 30 : 20 : test_PageTitle_001 : test_PageTitle_001 is Completed :
 2023-06-10 16:13:44,743 : 46 : 20 : test_Login_002 : Clicked on Login Button :
 2023-06-10 16:13:44,761 : 48 : 20 : test_Login_002 : test_Login_002 is Passed :
 2023-06-10 16:13:47,383 : 52 : 20 : test_Login_002 : Clicked on Logout Button :
 2023-06-10 16:13:52,384 : 60 : 20 : test_Login_002 : test_Login_002 is Completed :
 2023-06-10 16:31:58,089 : 14 : 20 : test_LoginParams_003 : test_LoginParams_003 is Started :
 2023-06-10 16:31:58,089 : 16 : 20 : test_LoginParams_003 : Launching Browser--!! :
 2023-06-10 16:32:05,100 : 18 : 20 : test_LoginParams_003 : Go to -->https://admin-demo.nopcommerce.com/ :
 2023-06-10 16:32:05,207 : 23 : 20 : test_LoginParams_003 : Entering Username-->admin@yourstore.com :
 2023-06-10 16:32:05,286 : 25 : 20 : test_LoginParams_003 : Entering Password-->admin :
 2023-06-10 16:32:11,782 : 27 : 20 : test_LoginParams_003 : Clicked on Login Button :
 2023-06-10 16:32:14,689 : 14 : 20 : test_LoginParams_003 : test_LoginParams_003 is Started :
 2023-06-10 16:32:14,689 : 16 : 20 : test_LoginParams_003 : Launching Browser--!! :
 2023-06-10 16:32:21,337 : 18 : 20 : test_LoginParams_003 : Go to -->https://admin-demo.nopcommerce.com/ :
 2023-06-10 16:32:21,444 : 23 : 20 : test_LoginParams_003 : Entering Username-->admin@yourstor1.com :
 2023-06-10 16:32:21,521 : 25 : 20 : test_LoginParams_003 : Entering Password-->admin :
 2023-06-10 16:32:21,922 : 27 : 20 : test_LoginParams_003 : Clicked on Login Button :
 2023-06-10 16:32:23,732 : 14 : 20 : test_LoginParams_003 : test_LoginParams_003 is Started :
 2023-06-10 16:32:23,732 : 16 : 20 : test_LoginParams_003 : Launching Browser--!! :
 2023-06-10 16:32:26,461 : 18 : 20 : test_LoginParams_003 : Go to -->https://admin-demo.nopcommerce.com/ :
 2023-06-10 16:32:26,563 : 23 : 20 : test_LoginParams_003 : Entering Username-->admin@yourstore.com :
 2023-06-10 16:32:26,640 : 25 : 20 : test_LoginParams_003 : Entering Password-->admin1 :
 2023-06-10 16:32:27,203 : 27 : 20 : test_LoginParams_003 : Clicked on Login Button :
 2023-06-10 16:32:28,995 : 14 : 20 : test_LoginParams_003 : test_LoginParams_003 is Started :
 2023-06-10 16:32:28,995 : 16 : 20 : test_LoginParams_003 : Launching Browser--!! :
 2023-06-10 16:32:31,119 : 18 : 20 : test_LoginParams_003 : Go to -->https://admin-demo.nopcommerce.com/ :
 2023-06-10 16:32:31,227 : 23 : 20 : test_LoginParams_003 : Entering Username-->admin@yourstore1.com :
 2023-06-10 16:32:31,304 : 25 : 20 : test_LoginParams_003 : Entering Password-->admin1 :
 2023-06-10 16:32:32,617 : 27 : 20 : test_LoginParams_003 : Clicked on Login Button :
 2023-06-10 16:44:05,342 : 14 : 20 : test_LoginParams_003 : test_LoginParams_003 is Started :
 2023-06-10 16:44:05,342 : 16 : 20 : test_LoginParams_003 : Launching Browser--!! :
 2023-06-10 16:44:09,216 : 18 : 20 : test_LoginParams_003 : Go to -->https://admin-demo.nopcommerce.com/ :
 2023-06-10 16:44:09,317 : 23 : 20 : test_LoginParams_003 : Entering Username-->admin@yourstore.com :
 2023-06-10 16:44:09,389 : 25 : 20 : test_LoginParams_003 : Entering Password-->admin :
 2023-06-10 16:44:13,526 : 27 : 20 : test_LoginParams_003 : Clicked on Login Button :
 2023-06-10 16:44:16,254 : 35 : 20 : test_LoginParams_003 : Clicked on Logout Button :
 2023-06-10 16:44:16,254 : 56 : 20 : test_LoginParams_003 : test_LoginParams_003 is Passed :
 2023-06-10 16:44:16,255 : 61 : 20 : test_LoginParams_003 : test_LoginParams_003 is Completed :
 2023-06-10 16:44:18,124 : 14 : 20 : test_LoginParams_003 : test_LoginParams_003 is Started :
 2023-06-10 16:44:18,124 : 16 : 20 : test_LoginParams_003 : Launching Browser--!! :
 2023-06-10 16:44:20,385 : 18 : 20 : test_LoginParams_003 : Go to -->https://admin-demo.nopcommerce.com/ :
 2023-06-10 16:44:20,487 : 23 : 20 : test_LoginParams_003 : Entering Username-->admin@yourstor1.com :
 2023-06-10 16:44:20,561 : 25 : 20 : test_LoginParams_003 : Entering Password-->admin :
 2023-06-10 16:44:21,104 : 27 : 20 : test_LoginParams_003 : Clicked on Login Button :
 2023-06-10 16:44:21,335 : 56 : 20 : test_LoginParams_003 : test_LoginParams_003 is Passed :
 2023-06-10 16:44:21,336 : 61 : 20 : test_LoginParams_003 : test_LoginParams_003 is Completed :
 2023-06-10 16:44:23,208 : 14 : 20 : test_LoginParams_003 : test_LoginParams_003 is Started :
 2023-06-10 16:44:23,208 : 16 : 20 : test_LoginParams_003 : Launching Browser--!! :
 2023-06-10 16:44:26,545 : 18 : 20 : test_LoginParams_003 : Go to -->https://admin-demo.nopcommerce.com/ :
 2023-06-10 16:44:26,652 : 23 : 20 : test_LoginParams_003 : Entering Username-->admin@yourstore.com :
 2023-06-10 16:44:26,727 : 25 : 20 : test_LoginParams_003 : Entering Password-->admin1 :
 2023-06-10 16:44:27,269 : 27 : 20 : test_LoginParams_003 : Clicked on Login Button :
 2023-06-10 16:44:27,520 : 56 : 20 : test_LoginParams_003 : test_LoginParams_003 is Passed :
 2023-06-10 16:44:27,520 : 61 : 20 : test_LoginParams_003 : test_LoginParams_003 is Completed :
 2023-06-10 16:44:29,450 : 14 : 20 : test_LoginParams_003 : test_LoginParams_003 is Started :
 2023-06-10 16:44:29,450 : 16 : 20 : test_LoginParams_003 : Launching Browser--!! :
 2023-06-10 16:44:33,593 : 18 : 20 : test_LoginParams_003 : Go to -->https://admin-demo.nopcommerce.com/ :
 2023-06-10 16:44:33,704 : 23 : 20 : test_LoginParams_003 : Entering Username-->admin@yourstore1.com :
 2023-06-10 16:44:33,782 : 25 : 20 : test_LoginParams_003 : Entering Password-->admin1 :
 2023-06-10 16:44:34,588 : 27 : 20 : test_LoginParams_003 : Clicked on Login Button :
 2023-06-10 16:44:34,826 : 56 : 20 : test_LoginParams_003 : test_LoginParams_003 is Passed :
 2023-06-10 16:44:34,826 : 61 : 20 : test_LoginParams_003 : test_LoginParams_003 is Completed :
 2023-06-10 16:47:04,868 : 14 : 20 : test_LoginParams_003 : test_LoginParams_003 is Started :
 2023-06-10 16:47:04,869 : 16 : 20 : test_LoginParams_003 : Launching Browser--!! :
 2023-06-10 16:47:08,757 : 18 : 20 : test_LoginParams_003 : Go to -->https://admin-demo.nopcommerce.com/ :
 2023-06-10 16:47:08,860 : 23 : 20 : test_LoginParams_003 : Entering Username-->admin@yourstore.com :
 2023-06-10 16:47:08,934 : 25 : 20 : test_LoginParams_003 : Entering Password-->admin :
 2023-06-10 16:47:12,315 : 27 : 20 : test_LoginParams_003 : Clicked on Login Button :
 2023-06-10 16:47:14,119 : 35 : 20 : test_LoginParams_003 : Clicked on Logout Button :
 2023-06-10 16:47:14,120 : 56 : 20 : test_LoginParams_003 : test_LoginParams_003 is Passed :
 2023-06-10 16:47:14,120 : 62 : 20 : test_LoginParams_003 : test_LoginParams_003 is Completed :
 2023-06-10 16:47:15,954 : 14 : 20 : test_LoginParams_003 : test_LoginParams_003 is Started :
 2023-06-10 16:47:15,954 : 16 : 20 : test_LoginParams_003 : Launching Browser--!! :
 2023-06-10 16:47:18,197 : 18 : 20 : test_LoginParams_003 : Go to -->https://admin-demo.nopcommerce.com/ :
 2023-06-10 16:47:18,305 : 23 : 20 : test_LoginParams_003 : Entering Username-->admin@yourstor1.com :
 2023-06-10 16:47:18,380 : 25 : 20 : test_LoginParams_003 : Entering Password-->admin :
 2023-06-10 16:47:18,897 : 27 : 20 : test_LoginParams_003 : Clicked on Login Button :
 2023-06-10 16:47:19,135 : 56 : 20 : test_LoginParams_003 : test_LoginParams_003 is Passed :
 2023-06-10 16:47:19,135 : 62 : 20 : test_LoginParams_003 : test_LoginParams_003 is Completed :
 2023-06-10 16:47:20,848 : 14 : 20 : test_LoginParams_003 : test_LoginParams_003 is Started :
 2023-06-10 16:47:20,848 : 16 : 20 : test_LoginParams_003 : Launching Browser--!! :
 2023-06-10 16:47:23,086 : 18 : 20 : test_LoginParams_003 : Go to -->https://admin-demo.nopcommerce.com/ :
 2023-06-10 16:47:23,191 : 23 : 20 : test_LoginParams_003 : Entering Username-->admin@yourstore.com :
 2023-06-10 16:47:23,265 : 25 : 20 : test_LoginParams_003 : Entering Password-->admin1 :
 2023-06-10 16:47:23,770 : 27 : 20 : test_LoginParams_003 : Clicked on Login Button :
 2023-06-10 16:47:24,074 : 56 : 20 : test_LoginParams_003 : test_LoginParams_003 is Passed :
 2023-06-10 16:47:24,074 : 62 : 20 : test_LoginParams_003 : test_LoginParams_003 is Completed :
 2023-06-10 16:47:25,971 : 14 : 20 : test_LoginParams_003 : test_LoginParams_003 is Started :
 2023-06-10 16:47:25,971 : 16 : 20 : test_LoginParams_003 : Launching Browser--!! :
 2023-06-10 16:47:28,685 : 18 : 20 : test_LoginParams_003 : Go to -->https://admin-demo.nopcommerce.com/ :
 2023-06-10 16:47:28,796 : 23 : 20 : test_LoginParams_003 : Entering Username-->admin@yourstore1.com :
 2023-06-10 16:47:28,874 : 25 : 20 : test_LoginParams_003 : Entering Password-->admin1 :
 2023-06-10 16:47:29,427 : 27 : 20 : test_LoginParams_003 : Clicked on Login Button :
 2023-06-10 16:47:29,680 : 56 : 20 : test_LoginParams_003 : test_LoginParams_003 is Passed :
 2023-06-10 16:47:29,681 : 62 : 20 : test_LoginParams_003 : test_LoginParams_003 is Completed :
 2023-06-10 17:04:36,032 : 13 : 20 : test_LoginDDT_004 : test_LoginDDT_004 is Started :
 2023-06-10 17:04:36,033 : 15 : 20 : test_LoginDDT_004 : Launching Browser--!! :
 2023-06-10 17:04:38,293 : 17 : 20 : test_LoginDDT_004 : Go to -->https://admin-demo.nopcommerce.com/ :
 2023-06-10 17:04:38,411 : 28 : 20 : test_LoginDDT_004 : Entering Username-->admin@yourstore.com :
 2023-06-10 17:04:38,488 : 30 : 20 : test_LoginDDT_004 : Entering Password-->admin :
 2023-06-10 17:04:41,783 : 32 : 20 : test_LoginDDT_004 : Clicked on Login Button :
 2023-06-10 17:04:41,800 : 34 : 20 : test_LoginDDT_004 : test_LoginDDT_004 is Passed :
 2023-06-10 17:04:43,605 : 38 : 20 : test_LoginDDT_004 : Clicked on Logout Button :
 2023-06-10 17:04:48,606 : 46 : 20 : test_LoginDDT_004 : test_LoginDDT_004 is Completed :
 2023-06-10 17:04:48,695 : 28 : 20 : test_LoginDDT_004 : Entering Username-->admin@yourstore1.com :
 2023-06-10 17:04:48,776 : 30 : 20 : test_LoginDDT_004 : Entering Password-->admin :
 2023-06-10 17:04:49,292 : 32 : 20 : test_LoginDDT_004 : Clicked on Login Button :
 2023-06-10 17:04:49,303 : 42 : 20 : test_LoginDDT_004 : test_LoginDDT_004 is Failed :
 2023-06-10 17:05:21,178 : 13 : 20 : test_LoginDDT_004 : test_LoginDDT_004 is Started :
 2023-06-10 17:05:21,178 : 15 : 20 : test_LoginDDT_004 : Launching Browser--!! :
 2023-06-10 17:05:23,383 : 17 : 20 : test_LoginDDT_004 : Go to -->https://admin-demo.nopcommerce.com/ :
 2023-06-10 17:05:23,499 : 28 : 20 : test_LoginDDT_004 : Entering Username-->admin@yourstore.com :
 2023-06-10 17:05:23,573 : 30 : 20 : test_LoginDDT_004 : Entering Password-->admin :
 2023-06-10 17:05:26,894 : 32 : 20 : test_LoginDDT_004 : Clicked on Login Button :
 2023-06-10 17:05:26,908 : 34 : 20 : test_LoginDDT_004 : test_LoginDDT_004 is Passed :
 2023-06-10 17:05:27,150 : 46 : 20 : test_LoginDDT_004 : test_LoginDDT_004 is Completed :
 2023-06-10 17:05:53,094 : 13 : 20 : test_LoginDDT_004 : test_LoginDDT_004 is Started :
 2023-06-10 17:05:53,094 : 15 : 20 : test_LoginDDT_004 : Launching Browser--!! :
 2023-06-10 17:05:55,623 : 17 : 20 : test_LoginDDT_004 : Go to -->https://admin-demo.nopcommerce.com/ :
 2023-06-10 17:05:55,738 : 28 : 20 : test_LoginDDT_004 : Entering Username-->admin@yourstore.com :
 2023-06-10 17:05:55,813 : 30 : 20 : test_LoginDDT_004 : Entering Password-->admin :
 2023-06-10 17:05:59,119 : 32 : 20 : test_LoginDDT_004 : Clicked on Login Button :
 2023-06-10 17:05:59,142 : 34 : 20 : test_LoginDDT_004 : test_LoginDDT_004 is Passed :
 2023-06-10 17:06:00,937 : 38 : 20 : test_LoginDDT_004 : Clicked on Logout Button :
 2023-06-10 17:06:00,938 : 46 : 20 : test_LoginDDT_004 : test_LoginDDT_004 is Completed :
 2023-06-10 17:06:01,026 : 28 : 20 : test_LoginDDT_004 : Entering Username-->admin@yourstore1.com :
 2023-06-10 17:06:01,094 : 30 : 20 : test_LoginDDT_004 : Entering Password-->admin :
 2023-06-10 17:06:01,657 : 32 : 20 : test_LoginDDT_004 : Clicked on Login Button :
 2023-06-10 17:06:01,667 : 42 : 20 : test_LoginDDT_004 : test_LoginDDT_004 is Failed :
 2023-06-10 17:06:01,876 : 46 : 20 : test_LoginDDT_004 : test_LoginDDT_004 is Completed :
 2023-06-10 17:06:01,958 : 28 : 20 : test_LoginDDT_004 : Entering Username-->admin@yourstore.com :
 2023-06-10 17:06:02,025 : 30 : 20 : test_LoginDDT_004 : Entering Password-->admin1 :
 2023-06-10 17:06:02,544 : 32 : 20 : test_LoginDDT_004 : Clicked on Login Button :
 2023-06-10 17:06:02,555 : 42 : 20 : test_LoginDDT_004 : test_LoginDDT_004 is Failed :
 2023-06-10 17:06:02,815 : 46 : 20 : test_LoginDDT_004 : test_LoginDDT_004 is Completed :
 2023-06-10 17:06:02,900 : 28 : 20 : test_LoginDDT_004 : Entering Username-->admin@yourstore1.com :
 2023-06-10 17:06:02,968 : 30 : 20 : test_LoginDDT_004 : Entering Password-->admin1 :
 2023-06-10 17:06:03,513 : 32 : 20 : test_LoginDDT_004 : Clicked on Login Button :
 2023-06-10 17:06:03,523 : 42 : 20 : test_LoginDDT_004 : test_LoginDDT_004 is Failed :
 2023-06-10 17:06:03,764 : 46 : 20 : test_LoginDDT_004 : test_LoginDDT_004 is Completed :
 2023-06-10 17:11:33,999 : 13 : 20 : test_LoginDDT_004 : test_LoginDDT_004 is Started :
 2023-06-10 17:11:34,000 : 15 : 20 : test_LoginDDT_004 : Launching Browser--!! :
 2023-06-10 17:11:36,259 : 17 : 20 : test_LoginDDT_004 : Go to -->https://admin-demo.nopcommerce.com/ :
 2023-06-10 17:11:36,378 : 28 : 20 : test_LoginDDT_004 : Entering Username-->admin@yourstore.com :
 2023-06-10 17:11:36,453 : 30 : 20 : test_LoginDDT_004 : Entering Password-->admin :
 2023-06-10 17:11:39,849 : 32 : 20 : test_LoginDDT_004 : Clicked on Login Button :
 2023-06-10 17:11:39,863 : 34 : 20 : test_LoginDDT_004 : test_LoginDDT_004 is Passed :
 2023-06-10 17:11:41,904 : 38 : 20 : test_LoginDDT_004 : Clicked on Logout Button :
 2023-06-10 17:11:41,905 : 46 : 20 : test_LoginDDT_004 : test_LoginDDT_004 is Completed :
 2023-06-10 17:11:41,995 : 28 : 20 : test_LoginDDT_004 : Entering Username-->admin@yourstore1.com :
 2023-06-10 17:11:42,064 : 30 : 20 : test_LoginDDT_004 : Entering Password-->admin :
 2023-06-10 17:11:42,616 : 32 : 20 : test_LoginDDT_004 : Clicked on Login Button :
 2023-06-10 17:11:42,627 : 42 : 20 : test_LoginDDT_004 : test_LoginDDT_004 is Failed :
 2023-06-10 17:11:42,848 : 46 : 20 : test_LoginDDT_004 : test_LoginDDT_004 is Completed :
 2023-06-10 17:11:42,931 : 28 : 20 : test_LoginDDT_004 : Entering Username-->admin@yourstore.com :
 2023-06-10 17:11:43,000 : 30 : 20 : test_LoginDDT_004 : Entering Password-->admin1 :
 2023-06-10 17:11:43,493 : 32 : 20 : test_LoginDDT_004 : Clicked on Login Button :
 2023-06-10 17:11:43,545 : 42 : 20 : test_LoginDDT_004 : test_LoginDDT_004 is Failed :
 2023-06-10 17:11:43,803 : 46 : 20 : test_LoginDDT_004 : test_LoginDDT_004 is Completed :
 2023-06-10 17:11:43,916 : 28 : 20 : test_LoginDDT_004 : Entering Username-->admin@yourstore1.com :
 2023-06-10 17:11:43,985 : 30 : 20 : test_LoginDDT_004 : Entering Password-->admin1 :
 2023-06-10 17:11:44,492 : 32 : 20 : test_LoginDDT_004 : Clicked on Login Button :
 2023-06-10 17:11:44,548 : 42 : 20 : test_LoginDDT_004 : test_LoginDDT_004 is Failed :
 2023-06-10 17:11:44,763 : 46 : 20 : test_LoginDDT_004 : test_LoginDDT_004 is Completed :
 2023-06-10 17:16:26,071 : 13 : 20 : test_LoginDDT_004 : test_LoginDDT_004 is Started :
 2023-06-10 17:16:26,071 : 15 : 20 : test_LoginDDT_004 : Launching Browser--!! :
 2023-06-10 17:16:28,542 : 17 : 20 : test_LoginDDT_004 : Go to -->https://admin-demo.nopcommerce.com/ :
 2023-06-10 17:16:28,665 : 28 : 20 : test_LoginDDT_004 : Entering Username-->admin@yourstore.com :
 2023-06-10 17:16:28,739 : 30 : 20 : test_LoginDDT_004 : Entering Password-->admin :
 2023-06-10 17:16:32,108 : 32 : 20 : test_LoginDDT_004 : Clicked on Login Button :
 2023-06-10 17:16:34,499 : 39 : 20 : test_LoginDDT_004 : Clicked on Logout Button :
 2023-06-10 17:16:34,499 : 59 : 20 : test_LoginDDT_004 : test_LoginDDT_004 is Passed :
 2023-06-10 17:16:34,499 : 64 : 20 : test_LoginDDT_004 : test_LoginDDT_004 is Completed :
 2023-06-10 17:16:34,589 : 28 : 20 : test_LoginDDT_004 : Entering Username-->admin@yourstore1.com :
 2023-06-10 17:16:34,658 : 30 : 20 : test_LoginDDT_004 : Entering Password-->admin :
 2023-06-10 17:16:35,209 : 32 : 20 : test_LoginDDT_004 : Clicked on Login Button :
 2023-06-10 17:16:35,436 : 59 : 20 : test_LoginDDT_004 : test_LoginDDT_004 is Passed :
 2023-06-10 17:16:35,436 : 64 : 20 : test_LoginDDT_004 : test_LoginDDT_004 is Completed :
 2023-06-10 17:16:35,519 : 28 : 20 : test_LoginDDT_004 : Entering Username-->admin@yourstore.com :
 2023-06-10 17:16:35,587 : 30 : 20 : test_LoginDDT_004 : Entering Password-->admin1 :
 2023-06-10 17:16:36,094 : 32 : 20 : test_LoginDDT_004 : Clicked on Login Button :
 2023-06-10 17:16:36,399 : 59 : 20 : test_LoginDDT_004 : test_LoginDDT_004 is Passed :
 2023-06-10 17:16:36,399 : 64 : 20 : test_LoginDDT_004 : test_LoginDDT_004 is Completed :
 2023-06-10 17:16:36,482 : 28 : 20 : test_LoginDDT_004 : Entering Username-->admin@yourstore1.com :
 2023-06-10 17:16:36,550 : 30 : 20 : test_LoginDDT_004 : Entering Password-->admin1 :
 2023-06-10 17:16:37,068 : 32 : 20 : test_LoginDDT_004 : Clicked on Login Button :
 2023-06-10 17:16:37,323 : 59 : 20 : test_LoginDDT_004 : test_LoginDDT_004 is Passed :
 2023-06-10 17:16:37,324 : 64 : 20 : test_LoginDDT_004 : test_LoginDDT_004 is Completed :
 2023-06-10 17:16:54,493 : 13 : 20 : test_LoginDDT_004 : test_LoginDDT_004 is Started :
 2023-06-10 17:16:54,494 : 15 : 20 : test_LoginDDT_004 : Launching Browser--!! :
 2023-06-10 17:17:03,672 : 17 : 20 : test_LoginDDT_004 : Go to -->https://admin-demo.nopcommerce.com/ :
 2023-06-10 17:17:03,796 : 28 : 20 : test_LoginDDT_004 : Entering Username-->admin@yourstore.com :
 2023-06-10 17:17:03,871 : 30 : 20 : test_LoginDDT_004 : Entering Password-->admin :
 2023-06-10 17:17:08,734 : 32 : 20 : test_LoginDDT_004 : Clicked on Login Button :
 2023-06-10 17:17:10,504 : 39 : 20 : test_LoginDDT_004 : Clicked on Logout Button :
 2023-06-10 17:17:10,504 : 62 : 20 : test_LoginDDT_004 : test_LoginDDT_004 is Failed :
 2023-06-10 17:26:17,190 : 13 : 20 : test_LoginDDT_004 : test_LoginDDT_004 is Started :
 2023-06-10 17:26:17,191 : 15 : 20 : test_LoginDDT_004 : Launching Browser--!! :
 2023-06-10 17:26:21,957 : 17 : 20 : test_LoginDDT_004 : Go to -->https://admin-demo.nopcommerce.com/ :
 2023-06-10 17:26:22,072 : 28 : 20 : test_LoginDDT_004 : Entering Username-->admin@yourstore.com :
 2023-06-10 17:26:22,145 : 30 : 20 : test_LoginDDT_004 : Entering Password-->admin :
 2023-06-10 17:26:25,287 : 32 : 20 : test_LoginDDT_004 : Clicked on Login Button :
 2023-06-10 17:26:27,426 : 39 : 20 : test_LoginDDT_004 : Clicked on Logout Button :
 2023-06-10 17:26:27,426 : 59 : 20 : test_LoginDDT_004 : test_LoginDDT_004 is Passed :
 2023-06-10 17:26:27,426 : 64 : 20 : test_LoginDDT_004 : test_LoginDDT_004 is Completed :
 2023-06-10 17:26:27,506 : 28 : 20 : test_LoginDDT_004 : Entering Username-->admin@yourstore1.com :
 2023-06-10 17:26:27,573 : 30 : 20 : test_LoginDDT_004 : Entering Password-->admin :
 2023-06-10 17:26:28,134 : 32 : 20 : test_LoginDDT_004 : Clicked on Login Button :
 2023-06-10 17:26:28,190 : 59 : 20 : test_LoginDDT_004 : test_LoginDDT_004 is Passed :
 2023-06-10 17:26:28,190 : 64 : 20 : test_LoginDDT_004 : test_LoginDDT_004 is Completed :
 2023-06-10 17:26:28,270 : 28 : 20 : test_LoginDDT_004 : Entering Username-->admin@yourstore.com :
 2023-06-10 17:26:28,333 : 30 : 20 : test_LoginDDT_004 : Entering Password-->admin1 :
 2023-06-10 17:26:28,875 : 32 : 20 : test_LoginDDT_004 : Clicked on Login Button :
 2023-06-10 17:26:28,940 : 59 : 20 : test_LoginDDT_004 : test_LoginDDT_004 is Passed :
 2023-06-10 17:26:28,940 : 64 : 20 : test_LoginDDT_004 : test_LoginDDT_004 is Completed :
 2023-06-10 17:26:29,020 : 28 : 20 : test_LoginDDT_004 : Entering Username-->admin@yourstore1.com :
 2023-06-10 17:26:29,086 : 30 : 20 : test_LoginDDT_004 : Entering Password-->admin1 :
 2023-06-10 17:26:29,603 : 32 : 20 : test_LoginDDT_004 : Clicked on Login Button :
 2023-06-10 17:26:29,694 : 59 : 20 : test_LoginDDT_004 : test_LoginDDT_004 is Passed :
 2023-06-10 17:26:29,694 : 64 : 20 : test_LoginDDT_004 : test_LoginDDT_004 is Completed :
 2023-06-10 17:27:33,432 : 13 : 20 : test_LoginDDT_004 : test_LoginDDT_004 is Started :
 2023-06-10 17:27:33,433 : 15 : 20 : test_LoginDDT_004 : Launching Browser--!! :
 2023-06-10 17:27:35,853 : 17 : 20 : test_LoginDDT_004 : Go to -->https://admin-demo.nopcommerce.com/ :
 2023-06-10 17:27:35,966 : 28 : 20 : test_LoginDDT_004 : Entering Username-->admin@yourstore.com :
 2023-06-10 17:27:36,037 : 30 : 20 : test_LoginDDT_004 : Entering Password-->admin :
 2023-06-10 17:27:39,334 : 32 : 20 : test_LoginDDT_004 : Clicked on Login Button :
 2023-06-10 17:27:41,592 : 39 : 20 : test_LoginDDT_004 : Clicked on Logout Button :
 2023-06-10 17:27:41,593 : 59 : 20 : test_LoginDDT_004 : test_LoginDDT_004 is Passed :
 2023-06-10 17:27:41,593 : 64 : 20 : test_LoginDDT_004 : test_LoginDDT_004 is Completed :
 2023-06-10 17:27:41,676 : 28 : 20 : test_LoginDDT_004 : Entering Username-->admin@yourstore1.com :
 2023-06-10 17:27:41,743 : 30 : 20 : test_LoginDDT_004 : Entering Password-->admin :
 2023-06-10 17:27:42,254 : 32 : 20 : test_LoginDDT_004 : Clicked on Login Button :
 2023-06-10 17:27:42,354 : 59 : 20 : test_LoginDDT_004 : test_LoginDDT_004 is Passed :
 2023-06-10 17:27:42,354 : 64 : 20 : test_LoginDDT_004 : test_LoginDDT_004 is Completed :
 2023-06-10 17:27:42,436 : 28 : 20 : test_LoginDDT_004 : Entering Username-->admin@yourstore.com :
 2023-06-10 17:27:42,501 : 30 : 20 : test_LoginDDT_004 : Entering Password-->admin1 :
 2023-06-10 17:27:43,021 : 32 : 20 : test_LoginDDT_004 : Clicked on Login Button :
 2023-06-10 17:27:43,087 : 59 : 20 : test_LoginDDT_004 : test_LoginDDT_004 is Passed :
 2023-06-10 17:27:43,087 : 64 : 20 : test_LoginDDT_004 : test_LoginDDT_004 is Completed :
 2023-06-10 17:27:43,170 : 28 : 20 : test_LoginDDT_004 : Entering Username-->admin@yourstore1.com :
 2023-06-10 17:27:43,235 : 30 : 20 : test_LoginDDT_004 : Entering Password-->admin1 :
 2023-06-10 17:27:43,749 : 32 : 20 : test_LoginDDT_004 : Clicked on Login Button :
 2023-06-10 17:27:43,817 : 59 : 20 : test_LoginDDT_004 : test_LoginDDT_004 is Passed :
 2023-06-10 17:27:43,817 : 64 : 20 : test_LoginDDT_004 : test_LoginDDT_004 is Completed :
 2023-06-10 17:29:23,730 : 14 : 20 : test_LoginParams_003 : test_LoginParams_003 is Started :
 2023-06-10 17:29:23,730 : 16 : 20 : test_LoginParams_003 : Launching Browser--!! :
 2023-06-10 17:29:25,740 : 18 : 20 : test_LoginParams_003 : Go to -->https://admin-demo.nopcommerce.com/ :
 2023-06-10 17:29:25,840 : 23 : 20 : test_LoginParams_003 : Entering Username-->admin@yourstore.com :
 2023-06-10 17:29:25,912 : 25 : 20 : test_LoginParams_003 : Entering Password-->admin :
 2023-06-10 17:29:28,764 : 27 : 20 : test_LoginParams_003 : Clicked on Login Button :
 2023-06-10 17:29:30,640 : 35 : 20 : test_LoginParams_003 : Clicked on Logout Button :
 2023-06-10 17:29:30,640 : 56 : 20 : test_LoginParams_003 : test_LoginParams_003 is Passed :
 2023-06-10 17:29:30,640 : 62 : 20 : test_LoginParams_003 : test_LoginParams_003 is Completed :
 2023-06-10 17:29:32,326 : 14 : 20 : test_LoginParams_003 : test_LoginParams_003 is Started :
 2023-06-10 17:29:32,326 : 16 : 20 : test_LoginParams_003 : Launching Browser--!! :
 2023-06-10 17:29:34,662 : 18 : 20 : test_LoginParams_003 : Go to -->https://admin-demo.nopcommerce.com/ :
 2023-06-10 17:29:34,758 : 23 : 20 : test_LoginParams_003 : Entering Username-->admin@yourstor1.com :
 2023-06-10 17:29:34,831 : 25 : 20 : test_LoginParams_003 : Entering Password-->admin :
 2023-06-10 17:29:35,287 : 27 : 20 : test_LoginParams_003 : Clicked on Login Button :
 2023-06-10 17:29:35,399 : 56 : 20 : test_LoginParams_003 : test_LoginParams_003 is Passed :
 2023-06-10 17:29:35,399 : 62 : 20 : test_LoginParams_003 : test_LoginParams_003 is Completed :
 2023-06-10 17:29:37,097 : 14 : 20 : test_LoginParams_003 : test_LoginParams_003 is Started :
 2023-06-10 17:29:37,098 : 16 : 20 : test_LoginParams_003 : Launching Browser--!! :
 2023-06-10 17:29:39,786 : 18 : 20 : test_LoginParams_003 : Go to -->https://admin-demo.nopcommerce.com/ :
 2023-06-10 17:29:39,883 : 23 : 20 : test_LoginParams_003 : Entering Username-->admin@yourstore.com :
 2023-06-10 17:29:39,954 : 25 : 20 : test_LoginParams_003 : Entering Password-->admin1 :
 2023-06-10 17:29:40,480 : 27 : 20 : test_LoginParams_003 : Clicked on Login Button :
 2023-06-10 17:29:40,549 : 56 : 20 : test_LoginParams_003 : test_LoginParams_003 is Passed :
 2023-06-10 17:29:40,549 : 62 : 20 : test_LoginParams_003 : test_LoginParams_003 is Completed :
 2023-06-10 17:29:42,266 : 14 : 20 : test_LoginParams_003 : test_LoginParams_003 is Started :
 2023-06-10 17:29:42,266 : 16 : 20 : test_LoginParams_003 : Launching Browser--!! :
 2023-06-10 17:29:45,129 : 18 : 20 : test_LoginParams_003 : Go to -->https://admin-demo.nopcommerce.com/ :
 2023-06-10 17:29:45,227 : 23 : 20 : test_LoginParams_003 : Entering Username-->admin@yourstore1.com :
 2023-06-10 17:29:45,299 : 25 : 20 : test_LoginParams_003 : Entering Password-->admin1 :
 2023-06-10 17:29:45,795 : 27 : 20 : test_LoginParams_003 : Clicked on Login Button :
 2023-06-10 17:29:45,899 : 56 : 20 : test_LoginParams_003 : test_LoginParams_003 is Passed :
 2023-06-10 17:29:45,899 : 62 : 20 : test_LoginParams_003 : test_LoginParams_003 is Completed :
 2023-06-10 17:39:32,984 : 13 : 20 : test_LoginDDT_004 : test_LoginDDT_004 is Started :
 2023-06-10 17:39:32,985 : 15 : 20 : test_LoginDDT_004 : Launching Browser--!! :
 2023-06-10 17:39:37,203 : 17 : 20 : test_LoginDDT_004 : Go to -->https://admin-demo.nopcommerce.com/ :
 2023-06-10 17:39:37,315 : 28 : 20 : test_LoginDDT_004 : Entering Username-->admin@yourstore.com :
 2023-06-10 17:39:37,386 : 30 : 20 : test_LoginDDT_004 : Entering Password-->admin :
 2023-06-10 17:39:42,391 : 32 : 20 : test_LoginDDT_004 : Clicked on Login Button :
 2023-06-10 17:40:50,192 : 13 : 20 : test_LoginDDT_004 : test_LoginDDT_004 is Started :
 2023-06-10 17:40:50,192 : 15 : 20 : test_LoginDDT_004 : Launching Browser--!! :
 2023-06-10 17:40:53,272 : 17 : 20 : test_LoginDDT_004 : Go to -->https://admin-demo.nopcommerce.com/ :
 2023-06-10 17:40:53,387 : 28 : 20 : test_LoginDDT_004 : Entering Username-->admin@yourstore.com :
 2023-06-10 17:40:53,460 : 30 : 20 : test_LoginDDT_004 : Entering Password-->admin :
 2023-06-10 17:40:56,734 : 32 : 20 : test_LoginDDT_004 : Clicked on Login Button :
 2023-06-10 17:40:58,643 : 40 : 20 : test_LoginDDT_004 : Clicked on Logout Button :
 2023-06-10 17:40:58,643 : 65 : 20 : test_LoginDDT_004 : test_LoginDDT_004 is Passed :
 2023-06-10 17:40:58,643 : 70 : 20 : test_LoginDDT_004 : test_LoginDDT_004 is Completed :
 2023-06-10 17:40:58,728 : 28 : 20 : test_LoginDDT_004 : Entering Username-->admin@yourstore1.com :
 2023-06-10 17:40:58,793 : 30 : 20 : test_LoginDDT_004 : Entering Password-->admin :
 2023-06-10 17:40:59,337 : 32 : 20 : test_LoginDDT_004 : Clicked on Login Button :
 2023-06-10 17:40:59,433 : 65 : 20 : test_LoginDDT_004 : test_LoginDDT_004 is Passed :
 2023-06-10 17:40:59,433 : 70 : 20 : test_LoginDDT_004 : test_LoginDDT_004 is Completed :
 2023-06-10 17:40:59,516 : 28 : 20 : test_LoginDDT_004 : Entering Username-->admin@yourstore.com :
 2023-06-10 17:40:59,581 : 30 : 20 : test_LoginDDT_004 : Entering Password-->admin1 :
 2023-06-10 17:41:00,124 : 32 : 20 : test_LoginDDT_004 : Clicked on Login Button :
 2023-06-10 17:41:00,199 : 65 : 20 : test_LoginDDT_004 : test_LoginDDT_004 is Passed :
 2023-06-10 17:41:00,199 : 70 : 20 : test_LoginDDT_004 : test_LoginDDT_004 is Completed :
 2023-06-10 17:41:00,278 : 28 : 20 : test_LoginDDT_004 : Entering Username-->admin@yourstore1.com :
 2023-06-10 17:41:00,344 : 30 : 20 : test_LoginDDT_004 : Entering Password-->admin1 :
 2023-06-10 17:41:00,875 : 32 : 20 : test_LoginDDT_004 : Clicked on Login Button :
 2023-06-10 17:41:00,947 : 65 : 20 : test_LoginDDT_004 : test_LoginDDT_004 is Passed :
 2023-06-10 17:41:00,947 : 70 : 20 : test_LoginDDT_004 : test_LoginDDT_004 is Completed :
